<?xml version="1.0" encoding="UTF-8"?>
<!-- Generated by org.testng.reporters.JUnitReportReporter -->
<testsuite skipped="0" hostname="965b3a661ec0" name="steps.StartingSteps" tests="1" failures="0" timestamp="10 Jul 2018 13:32:03 GMT" time="29.984" errors="0">
  <testcase name="sampleTest" time="29.984" classname="steps.StartingSteps"/>
</testsuite> <!-- steps.StartingSteps -->
